469774962
291988978
291988978
469774962
291988978
469774962
999993268
999993268
478219163
291988978
478219163
469774962
469774962
291988978
291988978
478219163
999993268
478219163
999993268
515994130
999993268
620177834
722319932
260336218
999993268
999993268
260336218
260336218
999993268
275404027
55349100
999993268
260336218
478219163
260336218
999993268
260336218
260336218
999993268
291988978
128890106
515994130
260336218
260336218
999993268
999993268
260336218
999993268
260336218
260336218
999993268
363147682
999993268
260336218
999993268
260336218
999993268
260336218
999993268
260336218
592882195
260336218
999993268
260336218
999993268
999993268
958777573
260336218
260336218
999993268
363147682
999993268
260336218
291988978
260336218
260336218
260336218
260336218
655058766
260336218
868812883
999993268
260336218
260336218
260336218
988880104
260336218
619956002
999993268
546815484
999993268
260336218
260336218
260336218
999993268
260336218
260336218
628103893
260336218
999993268
999993268
999993268
868812883
260336218
323606106
592882195
260336218
260336218
628103893
646491915
260336218
515994130
999993268
515994130
515994130
999993268
515994130
999993268
707269050
235073990
478219163
999993268
999993268
260336218
235073990
876322049
999993268
260336218
999993268
791733953
515994130
999993268
260336218
619956002
999993268
515994130
999993268
999993268
999993268
223776540
669190737
999993268
260336218
515994130
484425740
515994130
260336218
999993268
999993268
260336218
669190737
999993268
54047384
628103893
999993268
999993268
628103893
999993268
628103893
128890106
260336218
999993268
999993268
628103893
235073990
235073990
669190737
791733953
669190737
999993268
669190737
628103893
999993268
669190737
260336218
628103893
515994130
628103893
478219163
999993268
515994130
999993268
628103893
628103893
791733953
999993268
999993268
223776540
628103893
172408235
999993268
791733953
999993268
172408235
999993268
999993268
49027431
628103893
999993268
999993268
628103893
320090855
627987750
628103893
669190737
172408235
628103893
628103893
999993268
999993268
999993268
999993268
515994130
999993268
172408235
628103893
920568024
515994130
628103893
999993268
707269050
999993268
628103893
628103893
999993268
442650638
280687457
669190737
999993268
384919138
280687457
999993268
646491915
172408235
999993268
628103893
999993268
478219163
999993268
628103893
188399518
791733953
881155300
999993268
172408235
515994130
628103893
999993268
999993268
669190737
669190737
61725858
438392034
999993268
628103893
515994130
669190737
791733953
49027431
515994130
515994130
128890106
628103893
669190737
628103893
669190737
64551119
628103893
881155300
999993268
881155300
628103893
531340512
999993268
881155300
515994130
438392034
999993268
628103893
64551119
999993268
999993268
628103893
628103893
669190737
377475313
437864924
999993268
999993268
999993268
999993268
976810192
881155300
484425740
613701272
280687457
389033466
628103893
628103893
628103893
994855149
999993268
188399518
484425740
999993268
515994130
64551119
628103893
356900456
534938418
999993268
881155300
999993268
983267611
515994130
999993268
999993268
999993268
784842209
999993268
628103893
478219163
999993268
999993268
128890106
806116802
999993268
484425740
999993268
999993268
999993268
186881706
999993268
474627035
999993268
478219163
999993268
235073990
999993268
484425740
365823219
1125526
1125526
999993268
999993268
484425740
999993268
791733953
999993268
669190737
999993268
628103893
999993268
438392034
999993268
613701272
999993268
188399518
999993268
534938418
45245276
365823219
881155300
806116802
474627035
45245276
999993268
484425740
484425740
999993268
628103893
999993268
999993268
628103893
365823219
777039323
322009132
999993268
655058766
260336218
45245276
613701272
45245276
403235205
999993268
293050339
474627035
484425740
45245276
474627035
999993268
881155300
438392034
260336218
819577967
999993268
365823219
484425740
325320904
474627035
999993268
438392034
162885185
438392034
999993268
872525558
690764788
722728233
999993268
391785262
999993268
162885185
722728233
162885185
999993268
320090855
474627035
172408235
999993268
450608296
172408235
996628309
999993268
172408235
994855149
162885185
438392034
999993268
999993268
463758146
999993268
484425740
999993268
172408235
721966678
365823219
999993268
999993268
45245276
480083802
403235205
172408235
995042499
45245276
45245276
61725858
172408235
690764788
995042499
846293045
172408235
995042499
995042499
172408235
995042499
172408235
172408235
534938418
391785262
995042499
293050339
995042499
429592131
991546171
365823219
958777573
995042499
995042499
363147682
186881706
463758146
996628309
172408235
995042499
995042499
365823219
506617133
995042499
365823219
881155300
592882195
592882195
592882195
995042499
613701272
995042499
484425740
958777573
991546171
995042499
995042499
777039323
995042499
881155300
365823219
534938418
995042499
983267611
995042499
536416436
995042499
995042499
995042499
995042499
995042499
995042499
363147682
592882195
480083802
480083802
872525558
777039323
983267611
995042499
995042499
926209759
172408235
363147682
995042499
806116802
438392034
438392034
995042499
162885185
722772480
995042499
438392034
201002977
438392034
61725858
484425740
168011521
172408235
995042499
172408235
391785262
995042499
162885185
172408235
172408235
881155300
47380099
172408235
712100814
365823219
995042499
45245276
995042499
881155300
995042499
995042499
162885185
995042499
995042499
365823219
995042499
995042499
45245276
162885185
995042499
996628309
872525558
995042499
995042499
209945319
995042499
995042499
995042499
995042499
45245276
162885185
620958138
995042499
983267611
995042499
995042499
365823219
365823219
995042499
697615600
365823219
172408235
480083802
992020770
544371429
365823219
995042499
995042499
365823219
777039323
995042499
544371429
172408235
628103893
172408235
995042499
534938418
777039323
995042499
592882195
